0 info it worked if it ends with ok
1 verbose cli [ '/usr/local/bin/node', '/usr/bin/npm', 'run', 'test' ]
2 info using npm@3.6.0
3 info using node@v5.3.0
4 verbose run-script [ 'pretest', 'test', 'posttest' ]
5 info lifecycle nviz@0.0.1~pretest: nviz@0.0.1
6 silly lifecycle nviz@0.0.1~pretest: no script for pretest, continuing
7 info lifecycle nviz@0.0.1~test: nviz@0.0.1
8 verbose lifecycle nviz@0.0.1~test: unsafe-perm in lifecycle true
9 verbose lifecycle nviz@0.0.1~test: PATH: /usr/lib/node_modules/npm/bin/node-gyp-bin:/home/william/projects/nviz/node_modules/.bin:/bin/grep:./:./env/bin:/home/william/.local/bin:/home/william/node_modules/.bin:/usr/lib/plan9/bin:/usr/local/bin:/home/william/go/bin:/usr/bin:/bin:/home/william/.cabal/bin
10 verbose lifecycle nviz@0.0.1~test: CWD: /home/william/projects/nviz
11 silly lifecycle nviz@0.0.1~test: Args: [ '-c', 'tape test/test.js' ]
12 silly lifecycle nviz@0.0.1~test: Returned: code: 1  signal: null
13 info lifecycle nviz@0.0.1~test: Failed to exec test script
14 verbose stack Error: nviz@0.0.1 test: `tape test/test.js`
14 verbose stack Exit status 1
14 verbose stack     at EventEmitter.<anonymous> (/usr/lib/node_modules/npm/lib/utils/lifecycle.js:232:16)
14 verbose stack     at emitTwo (events.js:87:13)
14 verbose stack     at EventEmitter.emit (events.js:172:7)
14 verbose stack     at ChildProcess.<anonymous> (/usr/lib/node_modules/npm/lib/utils/spawn.js:24:14)
14 verbose stack     at emitTwo (events.js:87:13)
14 verbose stack     at ChildProcess.emit (events.js:172:7)
14 verbose stack     at maybeClose (internal/child_process.js:818:16)
14 verbose stack     at Process.ChildProcess._handle.onexit (internal/child_process.js:211:5)
15 verbose pkgid nviz@0.0.1
16 verbose cwd /home/william/projects/nviz
17 error Linux 4.0.5-1-ARCH
18 error argv "/usr/local/bin/node" "/usr/bin/npm" "run" "test"
19 error node v5.3.0
20 error npm  v3.6.0
21 error code ELIFECYCLE
22 error nviz@0.0.1 test: `tape test/test.js`
22 error Exit status 1
23 error Failed at the nviz@0.0.1 test script 'tape test/test.js'.
23 error Make sure you have the latest version of node.js and npm installed.
23 error If you do, this is most likely a problem with the nviz package,
23 error not with npm itself.
23 error Tell the author that this fails on your system:
23 error     tape test/test.js
23 error You can get information on how to open an issue for this project with:
23 error     npm bugs nviz
23 error Or if that isn't available, you can get their info via:
23 error     npm owner ls nviz
23 error There is likely additional logging output above.
24 verbose exit [ 1, true ]
